Arguments: 
  C:\Program Files\nodejs\node.exe C:\Users\akg20\AppData\Roaming\npm\node_modules\yarn\bin\yarn.js install

PATH: 
  C:\Program Files\Common Files\Oracle\Java\javapath;C:\ProgramData\Oracle\Java\javapath;C:\Windows\system32;C:\Windows;C:\Windows\System32\Wbem;C:\Windows\System32\WindowsPowerShell\v1.0\;C:\Windows\System32\OpenSSH\;C:\Program Files\Git\cmd;C:\Program Files\nodejs\;C:\Program Files\dotnet\;C:\Program Files\NVIDIA Corporation\NVIDIA NvDLISR;C:\Users\akg20\AppData\Local\Microsoft\WindowsApps;C:\Users\akg20\AppData\Local\Programs\Microsoft VS Code\bin;C:\Users\akg20\AppData\Roaming\npm;C:\Program Files (x86)\BrowserStackLocal\;C:\Program Files\JetBrains\PyCharm Community Edition 2023.1.1\bin

Yarn version: 
  1.22.19

Node version: 
  18.12.1

Platform: 
  win32 x64

Trace: 
  Error: 80230000:error:1C800066:Provider routines:ossl_gcm_stream_update:cipher operation failed:c:\ws\deps\openssl\openssl\providers\implementations\ciphers\ciphercommon_gcm.c:320:

npm manifest: 
  {
    "name": "blog-app",
    "version": "0.0.0",
    "scripts": {
      "ng": "ng",
      "start": "ng serve",
      "build": "ng build",
      "test": "ng test",
      "lint": "ng lint",
      "e2e": "ng e2e"
    },
    "private": true,
    "dependencies": {
      "@angular/animations": "~11.0.1",
      "@angular/common": "~11.0.1",
      "@angular/compiler": "~11.0.1",
      "@angular/core": "~11.0.1",
      "@angular/forms": "~11.0.1",
      "@angular/localize": "~11.0.1",
      "@angular/platform-browser": "~11.0.1",
      "@angular/platform-browser-dynamic": "~11.0.1",
      "@angular/router": "~11.0.1",
      "@ng-bootstrap/ng-bootstrap": "^8.0.1",
      "bootstrap": "^4.5.0",
      "rxjs": "~6.6.0",
      "tslib": "^2.0.0",
      "zone.js": "~0.10.2"
    },
    "devDependencies": {
      "@angular-devkit/build-angular": "~0.1100.2",
      "@angular/cli": "~11.0.2",
      "@angular/compiler-cli": "~11.0.1",
      "@types/jasmine": "~3.6.0",
      "@types/node": "^12.11.1",
      "codelyzer": "^6.0.0",
      "jasmine-core": "~3.6.0",
      "jasmine-spec-reporter": "~5.0.0",
      "karma": "~5.1.0",
      "karma-chrome-launcher": "~3.1.0",
      "karma-coverage": "~2.0.3",
      "karma-jasmine": "~4.0.0",
      "karma-jasmine-html-reporter": "^1.5.0",
      "protractor": "~7.0.0",
      "ts-node": "~8.3.0",
      "tslint": "~6.1.0",
      "typescript": "~4.0.2"
    }
  }

yarn manifest: 
  No manifest

Lockfile: 
  No lockfile
